2016-04-04 08:54:53.753+0000 INFO  [org.neo4j]: [.joernIndex/neostore.relationshiptypestore.db.names] brickCount=0 brickSize=0b mappedMem=0b (storeSize=38b)
2016-04-04 08:54:53.778+0000 INFO  [org.neo4j]: [.joernIndex/neostore.relationshiptypestore.db] brickCount=0 brickSize=0b mappedMem=0b (storeSize=0b)
2016-04-04 08:54:53.780+0000 INFO  [org.neo4j]: .joernIndex/neostore.relationshiptypestore.db.names hit=0 miss=0 switches=0 ooe=0
2016-04-04 08:54:53.783+0000 INFO  [org.neo4j]: .joernIndex/neostore.relationshiptypestore.db hit=0 miss=0 switches=0 ooe=0
2016-04-04 08:54:53.788+0000 INFO  [org.neo4j]: [.joernIndex/neostore.labeltokenstore.db.names] brickCount=0 brickSize=0b mappedMem=0b (storeSize=38b)
2016-04-04 08:54:53.789+0000 INFO  [org.neo4j]: [.joernIndex/neostore.labeltokenstore.db] brickCount=0 brickSize=0b mappedMem=0b (storeSize=0b)
2016-04-04 08:54:53.790+0000 INFO  [org.neo4j]: .joernIndex/neostore.labeltokenstore.db.names hit=0 miss=0 switches=0 ooe=0
2016-04-04 08:54:53.791+0000 INFO  [org.neo4j]: .joernIndex/neostore.labeltokenstore.db hit=0 miss=0 switches=0 ooe=0
2016-04-04 08:54:53.797+0000 INFO  [org.neo4j]: [.joernIndex/neostore.relationshiptypestore.db.names] brickCount=0 brickSize=0b mappedMem=0b (storeSize=38b)
2016-04-04 08:54:53.798+0000 INFO  [org.neo4j]: [.joernIndex/neostore.relationshiptypestore.db] brickCount=0 brickSize=0b mappedMem=0b (storeSize=0b)
2016-04-04 08:54:53.798+0000 INFO  [org.neo4j]: [.joernIndex/neostore.labeltokenstore.db.names] brickCount=0 brickSize=0b mappedMem=0b (storeSize=38b)
2016-04-04 08:54:53.798+0000 INFO  [org.neo4j]: [.joernIndex/neostore.labeltokenstore.db] brickCount=0 brickSize=0b mappedMem=0b (storeSize=0b)
2016-04-04 08:54:53.799+0000 INFO  [org.neo4j]: [.joernIndex/neostore.propertystore.db.strings] brickCount=0 brickSize=209664b mappedMem=209715200b (storeSize=128b)
2016-04-04 08:54:53.799+0000 INFO  [org.neo4j]: [.joernIndex/neostore.propertystore.db.index.keys] brickCount=0 brickSize=5206b mappedMem=5242880b (storeSize=38b)
2016-04-04 08:54:53.801+0000 INFO  [org.neo4j]: [.joernIndex/neostore.propertystore.db.index] brickCount=0 brickSize=52425b mappedMem=5242880b (storeSize=0b)
2016-04-04 08:54:53.801+0000 INFO  [org.neo4j]: [.joernIndex/neostore.propertystore.db.arrays] brickCount=0 brickSize=136192b mappedMem=136314880b (storeSize=128b)
2016-04-04 08:54:53.803+0000 INFO  [org.neo4j]: [.joernIndex/neostore.propertystore.db] brickCount=0 brickSize=2097150b mappedMem=209715200b (storeSize=0b)
2016-04-04 08:54:53.806+0000 INFO  [org.neo4j]: [.joernIndex/neostore.relationshipstore.db] brickCount=0 brickSize=21474808b mappedMem=2147483648b (storeSize=0b)
2016-04-04 08:54:53.807+0000 INFO  [org.neo4j]: [.joernIndex/neostore.nodestore.db.labels] brickCount=0 brickSize=0b mappedMem=0b (storeSize=68b)
2016-04-04 08:54:53.809+0000 INFO  [org.neo4j]: [.joernIndex/neostore.nodestore.db] brickCount=0 brickSize=2097150b mappedMem=209715200b (storeSize=0b)
2016-04-04 08:54:53.809+0000 INFO  [org.neo4j]: [.joernIndex/neostore.schemastore.db] brickCount=0 brickSize=0b mappedMem=0b (storeSize=64b)
2016-04-04 08:54:53.810+0000 INFO  [org.neo4j]: [.joernIndex/neostore.relationshipgroupstore.db] brickCount=0 brickSize=0b mappedMem=0b (storeSize=25b)
2016-04-04 08:54:53.811+0000 INFO  [org.neo4j]: [.joernIndex/neostore] brickCount=0 brickSize=0b mappedMem=0b (storeSize=0b)
2016-04-04 08:54:53.831+0000 INFO  [org.neo4j]: .joernIndex/neostore.relationshiptypestore.db.names hit=0 miss=0 switches=0 ooe=0
2016-04-04 08:54:53.832+0000 INFO  [org.neo4j]: .joernIndex/neostore.relationshiptypestore.db hit=0 miss=0 switches=0 ooe=0
2016-04-04 08:54:53.833+0000 INFO  [org.neo4j]: .joernIndex/neostore.labeltokenstore.db.names hit=0 miss=0 switches=0 ooe=0
2016-04-04 08:54:53.834+0000 INFO  [org.neo4j]: .joernIndex/neostore.labeltokenstore.db hit=0 miss=0 switches=0 ooe=0
2016-04-04 08:54:53.836+0000 INFO  [org.neo4j]: .joernIndex/neostore.propertystore.db.strings hit=0 miss=0 switches=0 ooe=0
2016-04-04 08:54:53.837+0000 INFO  [org.neo4j]: .joernIndex/neostore.propertystore.db.index.keys hit=0 miss=0 switches=0 ooe=0
2016-04-04 08:54:53.838+0000 INFO  [org.neo4j]: .joernIndex/neostore.propertystore.db.index hit=0 miss=0 switches=0 ooe=0
2016-04-04 08:54:53.839+0000 INFO  [org.neo4j]: .joernIndex/neostore.propertystore.db.arrays hit=0 miss=0 switches=0 ooe=0
2016-04-04 08:54:53.840+0000 INFO  [org.neo4j]: .joernIndex/neostore.propertystore.db hit=0 miss=0 switches=0 ooe=0
2016-04-04 08:54:53.841+0000 INFO  [org.neo4j]: .joernIndex/neostore.relationshipstore.db hit=0 miss=0 switches=0 ooe=0
2016-04-04 08:54:53.848+0000 INFO  [org.neo4j]: .joernIndex/neostore.nodestore.db.labels hit=0 miss=0 switches=0 ooe=0
2016-04-04 08:54:53.850+0000 INFO  [org.neo4j]: .joernIndex/neostore.nodestore.db hit=0 miss=0 switches=0 ooe=0
2016-04-04 08:54:53.851+0000 INFO  [org.neo4j]: .joernIndex/neostore.schemastore.db hit=0 miss=0 switches=0 ooe=0
2016-04-04 08:54:53.852+0000 INFO  [org.neo4j]: .joernIndex/neostore.relationshipgroupstore.db hit=0 miss=0 switches=0 ooe=0
2016-04-04 08:54:53.853+0000 INFO  [org.neo4j]: .joernIndex/neostore hit=0 miss=10 switches=0 ooe=0
2016-04-04 08:54:53.854+0000 INFO  [org.neo4j]: Thread[main,5,main] Starting BatchInserter(EmbeddedBatchInserter[.joernIndex])
2016-04-04 08:54:53.855+0000 INFO  [org.neo4j]: [.joernIndex/neostore.relationshiptypestore.db.names] brickCount=0 brickSize=0b mappedMem=0b (storeSize=38b)
2016-04-04 08:54:53.855+0000 INFO  [org.neo4j]: [.joernIndex/neostore.relationshiptypestore.db] brickCount=0 brickSize=0b mappedMem=0b (storeSize=0b)
2016-04-04 08:54:53.855+0000 INFO  [org.neo4j]: [.joernIndex/neostore.labeltokenstore.db.names] brickCount=0 brickSize=0b mappedMem=0b (storeSize=38b)
2016-04-04 08:54:53.856+0000 INFO  [org.neo4j]: [.joernIndex/neostore.labeltokenstore.db] brickCount=0 brickSize=0b mappedMem=0b (storeSize=0b)
2016-04-04 08:54:53.857+0000 INFO  [org.neo4j]: [.joernIndex/neostore.propertystore.db.strings] brickCount=0 brickSize=209664b mappedMem=209715200b (storeSize=128b)
2016-04-04 08:54:53.857+0000 INFO  [org.neo4j]: [.joernIndex/neostore.propertystore.db.index.keys] brickCount=0 brickSize=5206b mappedMem=5242880b (storeSize=38b)
2016-04-04 08:54:53.857+0000 INFO  [org.neo4j]: [.joernIndex/neostore.propertystore.db.index] brickCount=0 brickSize=52425b mappedMem=5242880b (storeSize=0b)
2016-04-04 08:54:53.858+0000 INFO  [org.neo4j]: [.joernIndex/neostore.propertystore.db.arrays] brickCount=0 brickSize=136192b mappedMem=136314880b (storeSize=128b)
2016-04-04 08:54:53.858+0000 INFO  [org.neo4j]: [.joernIndex/neostore.propertystore.db] brickCount=0 brickSize=2097150b mappedMem=209715200b (storeSize=0b)
2016-04-04 08:54:53.858+0000 INFO  [org.neo4j]: [.joernIndex/neostore.relationshipstore.db] brickCount=0 brickSize=21474808b mappedMem=2147483648b (storeSize=0b)
2016-04-04 08:54:53.859+0000 INFO  [org.neo4j]: [.joernIndex/neostore.nodestore.db.labels] brickCount=0 brickSize=0b mappedMem=0b (storeSize=68b)
2016-04-04 08:54:53.859+0000 INFO  [org.neo4j]: [.joernIndex/neostore.nodestore.db] brickCount=0 brickSize=2097150b mappedMem=209715200b (storeSize=0b)
2016-04-04 08:54:53.859+0000 INFO  [org.neo4j]: [.joernIndex/neostore.schemastore.db] brickCount=0 brickSize=0b mappedMem=0b (storeSize=64b)
2016-04-04 08:54:53.859+0000 INFO  [org.neo4j]: [.joernIndex/neostore.relationshipgroupstore.db] brickCount=0 brickSize=0b mappedMem=0b (storeSize=25b)
2016-04-04 08:54:53.861+0000 INFO  [org.neo4j]: [.joernIndex/neostore] brickCount=0 brickSize=0b mappedMem=0b (storeSize=81b)
2016-04-04 08:54:53.991+0000 INFO  [org.neo4j]: No lucene scan store index found, this might just be first use. Preparing to rebuild.
2016-04-04 08:54:54.025+0000 INFO  [org.neo4j]: No lucene scan store index found, this might just be first use. Preparing to rebuild.
2016-04-04 08:54:54.214+0000 INFO  [org.neo4j]: Rebuilding lucene scan store, this may take a while
2016-04-04 08:54:54.215+0000 INFO  [org.neo4j]: Lucene scan store rebuilt (roughly -1 nodes)
2016-04-04 08:54:54.323+0000 INFO  [org.neo4j]: .joernIndex/neostore.relationshiptypestore.db.names hit=0 miss=0 switches=0 ooe=0
2016-04-04 08:54:54.444+0000 INFO  [org.neo4j]: .joernIndex/neostore.relationshiptypestore.db hit=0 miss=0 switches=0 ooe=0
2016-04-04 08:54:54.445+0000 INFO  [org.neo4j]: .joernIndex/neostore.labeltokenstore.db.names hit=0 miss=0 switches=0 ooe=0
2016-04-04 08:54:54.446+0000 INFO  [org.neo4j]: .joernIndex/neostore.labeltokenstore.db hit=0 miss=0 switches=0 ooe=0
2016-04-04 08:54:54.578+0000 INFO  [org.neo4j]: .joernIndex/neostore.propertystore.db.strings hit=0 miss=0 switches=0 ooe=0
2016-04-04 08:54:54.580+0000 INFO  [org.neo4j]: .joernIndex/neostore.propertystore.db.index.keys hit=0 miss=0 switches=0 ooe=0
2016-04-04 08:54:54.581+0000 INFO  [org.neo4j]: .joernIndex/neostore.propertystore.db.index hit=0 miss=0 switches=0 ooe=0
2016-04-04 08:54:54.582+0000 INFO  [org.neo4j]: .joernIndex/neostore.propertystore.db.arrays hit=0 miss=0 switches=0 ooe=0
2016-04-04 08:54:54.583+0000 INFO  [org.neo4j]: .joernIndex/neostore.propertystore.db hit=0 miss=0 switches=0 ooe=0
2016-04-04 08:54:54.584+0000 INFO  [org.neo4j]: .joernIndex/neostore.relationshipstore.db hit=0 miss=0 switches=0 ooe=0
2016-04-04 08:54:54.585+0000 INFO  [org.neo4j]: .joernIndex/neostore.nodestore.db.labels hit=0 miss=0 switches=0 ooe=0
2016-04-04 08:54:54.586+0000 INFO  [org.neo4j]: .joernIndex/neostore.nodestore.db hit=0 miss=0 switches=0 ooe=0
2016-04-04 08:54:54.587+0000 INFO  [org.neo4j]: .joernIndex/neostore.schemastore.db hit=0 miss=0 switches=0 ooe=0
2016-04-04 08:54:54.588+0000 INFO  [org.neo4j]: .joernIndex/neostore.relationshipgroupstore.db hit=0 miss=0 switches=0 ooe=0
2016-04-04 08:54:54.589+0000 INFO  [org.neo4j]: .joernIndex/neostore hit=0 miss=2 switches=0 ooe=0
2016-04-04 08:54:54.590+0000 INFO  [org.neo4j]: Thread[main,5,main] Clean shutdown on BatchInserter(EmbeddedBatchInserter[.joernIndex])
